{"/Users/leonardoomanacortes/Documents/dev/testingsostenible/only-typescript/src/stats.ts": {"path":"/Users/leonardoomanacortes/Documents/dev/testingsostenible/only-typescript/src/stats.ts","statementMap":{"0":{"start":{"line":2,"column":2},"end":{"line":5,"column":4}},"1":{"start":{"line":3,"column":43},"end":{"line":3,"column":61}},"2":{"start":{"line":1,"column":0},"end":{"line":1,"column":16}},"3":{"start":{"line":9,"column":2},"end":{"line":9,"column":39}},"4":{"start":{"line":8,"column":0},"end":{"line":8,"column":16}}},"fnMap":{"0":{"name":"sum","decl":{"start":{"line":1,"column":16},"end":{"line":1,"column":19}},"loc":{"start":{"line":1,"column":37},"end":{"line":6,"column":1}}},"1":{"name":"(anonymous_1)","decl":{"start":{"line":3,"column":4},"end":{"line":3,"column":5}},"loc":{"start":{"line":3,"column":43},"end":{"line":3,"column":61}}},"2":{"name":"average","decl":{"start":{"line":8,"column":16},"end":{"line":8,"column":23}},"loc":{"start":{"line":8,"column":41},"end":{"line":10,"column":1}}}},"branchMap":{},"s":{"0":4,"1":12,"2":1,"3":2,"4":1},"f":{"0":4,"1":12,"2":2},"b":{}}
,"/Users/leonardoomanacortes/Documents/dev/testingsostenible/only-typescript/src/statsAsync.ts": {"path":"/Users/leonardoomanacortes/Documents/dev/testingsostenible/only-typescript/src/statsAsync.ts","statementMap":{"0":{"start":{"line":1,"column":0},"end":{"line":1,"column":33}},"1":{"start":{"line":4,"column":2},"end":{"line":4,"column":45}},"2":{"start":{"line":3,"column":0},"end":{"line":3,"column":16}},"3":{"start":{"line":8,"column":2},"end":{"line":8,"column":49}},"4":{"start":{"line":7,"column":0},"end":{"line":7,"column":16}}},"fnMap":{"0":{"name":"sum","decl":{"start":{"line":3,"column":16},"end":{"line":3,"column":19}},"loc":{"start":{"line":3,"column":37},"end":{"line":5,"column":1}}},"1":{"name":"average","decl":{"start":{"line":7,"column":16},"end":{"line":7,"column":23}},"loc":{"start":{"line":7,"column":41},"end":{"line":9,"column":1}}}},"branchMap":{},"s":{"0":1,"1":1,"2":1,"3":1,"4":1},"f":{"0":1,"1":1},"b":{}}
}
